<?xml version="1.0" encoding="UTF-8"?>
<testsuite name="TaskTest" tests="2" skipped="0" failures="0" errors="0" timestamp="2023-06-07T02:11:43" hostname="nakamura.local" time="0.057">
  <properties/>
  <testcase name="isExpired()" classname="TaskTest" time="0.054"/>
  <testcase name="countDaysToDeadLineDate()" classname="TaskTest" time="0.002"/>
  <system-out><![CDATA[]]></system-out>
  <system-err><![CDATA[]]></system-err>
</testsuite>
