<?xml version="1.0" encoding="UTF-8"?>
<testsuite name="TaskTest" tests="5" skipped="0" failures="0" errors="0" timestamp="2023-06-26T13:46:57" hostname="nakamura.local" time="0.065">
  <properties/>
  <testcase name="isExpired()" classname="TaskTest" time="0.056"/>
  <testcase name="getTotalActualTime()" classname="TaskTest" time="0.002"/>
  <testcase name="onDeadLine()" classname="TaskTest" time="0.001"/>
  <testcase name="sum()" classname="TaskTest" time="0.001"/>
  <testcase name="countToDeadLineDate()" classname="TaskTest" time="0.002"/>
  <system-out><![CDATA[]]></system-out>
  <system-err><![CDATA[]]></system-err>
</testsuite>
